<?xml version="1.0" encoding="UTF-8"?>
<testng-results ignored="0" total="1" passed="1" failed="0" skipped="0">
  <reporter-output>
  </reporter-output>
  <suite started-at="2023-03-03T15:24:16 IST" name="Default suite" finished-at="2023-03-03T15:24:21 IST" duration-ms="5690">
    <groups>
    </groups>
    <test started-at="2023-03-03T15:24:16 IST" name="Default test" finished-at="2023-03-03T15:24:21 IST" duration-ms="5690">
      <class name="Requests.SendingFileAsPayLoad">
        <test-method signature="AddPlacewithFilePayload()[pri:0, instance:Requests.SendingFileAsPayLoad@2b91004a]" started-at="2023-03-03T15:24:16 IST" name="AddPlacewithFilePayload" finished-at="2023-03-03T15:24:21 IST" duration-ms="5602" status="PASS">
          <reporter-output>
          </reporter-output>
        </test-method> <!-- AddPlacewithFilePayload -->
      </class> <!-- Requests.SendingFileAsPayLoad -->
    </test> <!-- Default test -->
  </suite> <!-- Default suite -->
</testng-results>
